<?xml version="1.0" encoding="UTF-8"?>
<!-- Generated by org.testng.reporters.JUnitXMLReporter -->
<testsuite hostname="natalia-All-Series" tests="5" failures="0" timestamp="10 Apr 2015 08:00:40 GMT" time="163.273" errors="0">
  <testcase name="testAdd" time="40.757" classname="Crash"/>
  <testcase name="testAddCompanies" time="13.666" classname="Crash"/>
  <testcase name="testAddInvestigation" time="37.306" classname="Crash"/>
  <testcase name="testEdit" time="36.968" classname="Crash"/>
  <testcase name="testDelete" time="12.073" classname="Crash"/>
</testsuite>
