<?xml version="1.0" encoding="UTF-8"?>
<!-- Generated by org.testng.reporters.JUnitXMLReporter -->
<testsuite hostname="natalia-All-Series" tests="4" failures="0" timestamp="10 Apr 2015 08:07:00 GMT" time="164.608" errors="0">
  <testcase name="testAdd" time="51.042" classname="ExplosiveLoss"/>
  <testcase name="testAddInvestigation" time="35.997" classname="ExplosiveLoss"/>
  <testcase name="testEdit" time="47.176" classname="ExplosiveLoss"/>
  <testcase name="testDelete" time="12.117" classname="ExplosiveLoss"/>
</testsuite>
