<?xml version="1.0" encoding="UTF-8"?>
<!-- Generated by org.testng.reporters.JUnitXMLReporter -->
<testsuite hostname="natalia-All-Series" tests="5" failures="0" timestamp="10 Apr 2015 13:01:01 GMT" time="179.19" errors="0">
  <testcase name="testAdd" time="45.485" classname="Crash"/>
  <testcase name="testAddCompanies" time="13.649" classname="Crash"/>
  <testcase name="testAddInvestigation" time="45.979" classname="Crash"/>
  <testcase name="testEdit" time="45.134" classname="Crash"/>
  <testcase name="testDelete" time="12.456" classname="Crash"/>
</testsuite>
