<?xml version="1.0" encoding="UTF-8"?>
<!-- Generated by org.testng.reporters.JUnitXMLReporter -->
<testsuite hostname="natalia-All-Series" tests="4" failures="0" timestamp="10 Apr 2015 13:07:54 GMT" time="194.385" errors="0">
  <testcase name="testAdd" time="60.602" classname="ExplosiveLoss"/>
  <testcase name="testAddInvestigation" time="40.425" classname="ExplosiveLoss"/>
  <testcase name="testEdit" time="63.22" classname="ExplosiveLoss"/>
  <testcase name="testDelete" time="15.694" classname="ExplosiveLoss"/>
</testsuite>
