<?xml version="1.0" encoding="UTF-8"?>
<testng-results skipped="0" failed="0" total="0" passed="0">
  <reporter-output>
  </reporter-output>
  <suite name="Surefire suite" duration-ms="22148" started-at="2015-04-17T14:51:53Z" finished-at="2015-04-17T14:52:15Z">
    <groups>
    </groups>
    <test name="Surefire test" duration-ms="22148" started-at="2015-04-17T14:51:53Z" finished-at="2015-04-17T14:52:15Z">
      <class name="TestBase">
        <test-method status="PASS" signature="setUpTest()[pri:0, instance:TestBase@1a1ecd]" name="setUpTest" is-config="true" duration-ms="21019" started-at="2015-04-17T18:51:53Z" finished-at="2015-04-17T18:52:14Z">
          <reporter-output>
          </reporter-output>
        </test-method> <!-- setUpTest -->
        <test-method status="PASS" signature="tearDown()[pri:0, instance:TestBase@1a1ecd]" name="tearDown" is-config="true" duration-ms="952" started-at="2015-04-17T18:52:14Z" finished-at="2015-04-17T18:52:15Z">
          <reporter-output>
          </reporter-output>
        </test-method> <!-- tearDown -->
      </class> <!-- TestBase -->
    </test> <!-- Surefire test -->
  </suite> <!-- Surefire suite -->
</testng-results>
