<?xml version="1.0" encoding="UTF-8"?>
<testng-results skipped="0" failed="0" total="1" passed="1">
  <reporter-output>
  </reporter-output>
  <suite name="Custom suite" duration-ms="305490" started-at="2015-11-02T08:44:18Z" finished-at="2015-11-02T08:49:23Z">
    <groups>
      <group name="edit">
        <method signature="Crash.testEdit()[pri:0, instance:myobject.Crash@60d2d2]" name="testEdit" class="myobject.Crash"/>
      </group> <!-- edit -->
    </groups>
    <test name="TestsMyObject" duration-ms="305490" started-at="2015-11-02T08:44:18Z" finished-at="2015-11-02T08:49:23Z">
      <class name="myobject.Crash">
        <test-method status="PASS" signature="setTestBase()[pri:0, instance:myobject.Crash@60d2d2]" name="setTestBase" is-config="true" duration-ms="43948" started-at="2015-11-02T11:44:18Z" finished-at="2015-11-02T11:45:02Z">
          <reporter-output>
          </reporter-output>
        </test-method> <!-- setTestBase -->
        <test-method status="PASS" signature="setUpTest()[pri:0, instance:myobject.Crash@60d2d2]" name="setUpTest" is-config="true" duration-ms="92680" started-at="2015-11-02T11:45:02Z" depends-on-methods="Base.TestBase.setTestBase" finished-at="2015-11-02T11:46:34Z">
          <reporter-output>
          </reporter-output>
        </test-method> <!-- setUpTest -->
        <test-method status="PASS" signature="isDataPresent()[pri:0, instance:myobject.Crash@60d2d2]" name="isDataPresent" is-config="true" duration-ms="20741" started-at="2015-11-02T11:46:35Z" finished-at="2015-11-02T11:46:56Z">
          <reporter-output>
          </reporter-output>
        </test-method> <!-- isDataPresent -->
        <test-method status="PASS" signature="setUpMethod()[pri:0, instance:myobject.Crash@60d2d2]" name="setUpMethod" is-config="true" duration-ms="1" started-at="2015-11-02T11:46:56Z" finished-at="2015-11-02T11:46:56Z">
          <reporter-output>
          </reporter-output>
        </test-method> <!-- setUpMethod -->
        <test-method status="PASS" signature="goToList()[pri:0, instance:myobject.Crash@60d2d2]" name="goToList" is-config="true" duration-ms="2116" started-at="2015-11-02T11:46:56Z" finished-at="2015-11-02T11:46:58Z">
          <reporter-output>
          </reporter-output>
        </test-method> <!-- goToList -->
        <test-method status="PASS" signature="testEdit()[pri:0, instance:myobject.Crash@60d2d2]" name="testEdit" duration-ms="143463" started-at="2015-11-02T11:46:58Z" finished-at="2015-11-02T11:49:21Z">
          <reporter-output>
          </reporter-output>
        </test-method> <!-- testEdit -->
        <test-method status="PASS" signature="tearDownMethod()[pri:0, instance:myobject.Crash@60d2d2]" name="tearDownMethod" is-config="true" duration-ms="1" started-at="2015-11-02T11:49:21Z" finished-at="2015-11-02T11:49:21Z">
          <reporter-output>
          </reporter-output>
        </test-method> <!-- tearDownMethod -->
        <test-method status="PASS" signature="tearDownTest()[pri:0, instance:myobject.Crash@60d2d2]" name="tearDownTest" is-config="true" duration-ms="2156" started-at="2015-11-02T11:49:21Z" finished-at="2015-11-02T11:49:23Z">
          <reporter-output>
          </reporter-output>
        </test-method> <!-- tearDownTest -->
      </class> <!-- myobject.Crash -->
    </test> <!-- TestsMyObject -->
  </suite> <!-- Custom suite -->
</testng-results>
