<?xml version="1.0" encoding="UTF-8"?>
<testng-results skipped="0" failed="0" total="3" passed="3">
  <reporter-output>
  </reporter-output>
  <suite name="Failed suite [Custom]" duration-ms="157442" started-at="2015-04-17T13:34:54Z" finished-at="2015-04-17T13:37:31Z">
    <groups>
      <group name="edit">
        <method signature="Object.testEdit()[pri:0, instance:Object@a3f072]" name="testEdit" class="Object"/>
      </group> <!-- edit -->
      <group name="delete">
        <method signature="Object.testDelete()[pri:0, instance:Object@a3f072]" name="testDelete" class="Object"/>
      </group> <!-- delete -->
      <group name="add">
        <method signature="Object.testAdd()[pri:0, instance:Object@a3f072]" name="testAdd" class="Object"/>
      </group> <!-- add -->
    </groups>
    <test name="Объект(failed)" duration-ms="157442" started-at="2015-04-17T13:34:54Z" finished-at="2015-04-17T13:37:31Z">
      <class name="PLA">
        <test-method status="PASS" signature="setUpTest()[pri:0, instance:PLA@b6b2ab]" name="setUpTest" is-config="true" duration-ms="38312" started-at="2015-04-17T17:34:54Z" finished-at="2015-04-17T17:35:32Z">
          <reporter-output>
          </reporter-output>
        </test-method> <!-- setUpTest -->
        <test-method status="PASS" signature="tearDown()[pri:0, instance:PLA@b6b2ab]" name="tearDown" is-config="true" duration-ms="828" started-at="2015-04-17T17:37:31Z" finished-at="2015-04-17T17:37:31Z">
          <reporter-output>
          </reporter-output>
        </test-method> <!-- tearDown -->
      </class> <!-- PLA -->
      <class name="Object">
        <test-method status="PASS" signature="testAdd()[pri:0, instance:Object@a3f072]" name="testAdd" duration-ms="53997" started-at="2015-04-17T17:35:33Z" finished-at="2015-04-17T17:36:27Z">
          <reporter-output>
          </reporter-output>
        </test-method> <!-- testAdd -->
        <test-method status="PASS" signature="setUpMethod()[pri:0, instance:Object@a3f072]" name="setUpMethod" is-config="true" duration-ms="0" started-at="2015-04-17T17:35:33Z" finished-at="2015-04-17T17:35:33Z">
          <reporter-output>
          </reporter-output>
        </test-method> <!-- setUpMethod -->
        <test-method status="PASS" signature="testEdit()[pri:0, instance:Object@a3f072]" name="testEdit" duration-ms="51494" started-at="2015-04-17T17:36:27Z" depends-on-methods="Object.testAdd" finished-at="2015-04-17T17:37:19Z">
          <reporter-output>
          </reporter-output>
        </test-method> <!-- testEdit -->
        <test-method status="PASS" signature="setUpMethod()[pri:0, instance:Object@a3f072]" name="setUpMethod" is-config="true" duration-ms="0" started-at="2015-04-17T17:36:27Z" finished-at="2015-04-17T17:36:27Z">
          <reporter-output>
          </reporter-output>
        </test-method> <!-- setUpMethod -->
        <test-method status="PASS" signature="setUpMethod()[pri:0, instance:Object@a3f072]" name="setUpMethod" is-config="true" duration-ms="1" started-at="2015-04-17T17:37:19Z" finished-at="2015-04-17T17:37:19Z">
          <reporter-output>
          </reporter-output>
        </test-method> <!-- setUpMethod -->
        <test-method status="PASS" signature="testDelete()[pri:0, instance:Object@a3f072]" name="testDelete" duration-ms="11800" started-at="2015-04-17T17:37:19Z" depends-on-methods="Object.testAdd" finished-at="2015-04-17T17:37:31Z">
          <reporter-output>
          </reporter-output>
        </test-method> <!-- testDelete -->
      </class> <!-- Object -->
    </test> <!-- Объект(failed) -->
  </suite> <!-- Failed suite [Custom] -->
</testng-results>
